<?xml version="1.0" encoding="UTF-8"?>
<!-- Generated by org.testng.reporters.JUnitReportReporter -->
<testsuite hostname="LAPTOP-96V44MJO" name="com.groundlabs.CalculatorTest" tests="12" failures="0" timestamp="8 Sep 2019 01:07:30 GMT" time="93.275" errors="0">
  <testcase name="SubtractionofTwoNegativeNumbers" time="7.609" classname="com.groundlabs.CalculatorTest"/>
  <testcase name="AdditionofDecimalNumberAndIntegerNum" time="8.843" classname="com.groundlabs.CalculatorTest"/>
  <testcase name="MultiplicationofPositiveAndNegativeNum" time="7.723" classname="com.groundlabs.CalculatorTest"/>
  <testcase name="SubtractionofPositiveAndNegativeNum" time="7.601" classname="com.groundlabs.CalculatorTest"/>
  <testcase name="MultiplicationOfTwoNumbers" time="7.648" classname="com.groundlabs.CalculatorTest"/>
  <testcase name="DivisionOfTwoNumbers" time="7.698" classname="com.groundlabs.CalculatorTest"/>
  <testcase name="DivisionofPositiveAndNegativeNum" time="7.731" classname="com.groundlabs.CalculatorTest"/>
  <testcase name="SubtractionOfTwoNumbers" time="7.634" classname="com.groundlabs.CalculatorTest"/>
  <testcase name="AdditionofPositiveAndNegativeNum" time="7.783" classname="com.groundlabs.CalculatorTest"/>
  <testcase name="AdditionofTwoNegativeNumbers" time="7.741" classname="com.groundlabs.CalculatorTest"/>
  <testcase name="additionOfTwoNumbers" time="7.537" classname="com.groundlabs.CalculatorTest"/>
  <testcase name="SubtractionOfDecimalNumberAndIntegerNum" time="7.727" classname="com.groundlabs.CalculatorTest"/>
</testsuite> <!-- com.groundlabs.CalculatorTest -->
