<?xml version="1.0" encoding="UTF-8"?>
<!-- Generated by org.testng.reporters.JUnitReportReporter -->
<testsuite hostname="LAPTOP-96V44MJO" name="com.groundlabs.LoginPageTest" tests="6" failures="0" timestamp="8 Sep 2019 01:07:30 GMT" time="28.505" errors="0">
  <testcase name="LoginWithInValidUsername" time="4.406" classname="com.groundlabs.LoginPageTest"/>
  <testcase name="LoginWithValidUsernameAndPassword" time="3.438" classname="com.groundlabs.LoginPageTest"/>
  <testcase name="LoginWithEmptyUsernameAndPassword" time="4.288" classname="com.groundlabs.LoginPageTest"/>
  <testcase name="LoginWithInvalidUsernameAndPassword" time="7.768" classname="com.groundlabs.LoginPageTest"/>
  <testcase name="LoginWithValidUsernameAndWrongPassword" time="4.302" classname="com.groundlabs.LoginPageTest"/>
  <testcase name="LoginWithInValidUsernameAndCorrectPassword" time="4.303" classname="com.groundlabs.LoginPageTest"/>
</testsuite> <!-- com.groundlabs.LoginPageTest -->
